<?xml version="1.0" encoding="UTF-8"?>
<testng-results ignored="0" total="1" passed="1" failed="0" skipped="0">
  <reporter-output>
  </reporter-output>
  <suite started-at="2022-11-24T15:40:33 IST" name="Default suite" finished-at="2022-11-24T15:40:42 IST" duration-ms="8909">
    <groups>
    </groups>
    <test started-at="2022-11-24T15:40:33 IST" name="Default test" finished-at="2022-11-24T15:40:42 IST" duration-ms="8909">
      <class name="day5.FileUpload">
        <test-method signature="testFile()[pri:0, instance:day5.FileUpload@581ac8a8]" started-at="2022-11-24T15:40:33 IST" name="testFile" finished-at="2022-11-24T15:40:42 IST" duration-ms="8874" status="PASS">
          <reporter-output>
          </reporter-output>
        </test-method> <!-- testFile -->
      </class> <!-- day5.FileUpload -->
    </test> <!-- Default test -->
  </suite> <!-- Default suite -->
</testng-results>
